2020-11-13 20:34:50 09fadf968cb1 wiki-wiki_: [d268e1e764329de068fc687f] /   Wikimedia\Rdbms\DBQueryError from line 1149 of /var/www/html/wiki/includes/libs/rdbms/database/Database.php: A database query error has occurred. Did you forget to run your application's database schema updater after upgrading? 
Query: SELECT  lc_value  FROM `wiki_l10n_cache`    WHERE lc_lang = 'en' AND lc_key = 'deps'  LIMIT 1  
Function: LCStoreDB::get
Error: 1146 Table 'wiki.wiki_l10n_cache' doesn't exist (db)

#0 /var/www/html/wiki/includes/libs/rdbms/database/Database.php(979): Wikimedia\Rdbms\Database->reportQueryError()
#1 /var/www/html/wiki/includes/libs/rdbms/database/Database.php(1343): Wikimedia\Rdbms\Database->query()
#2 /var/www/html/wiki/includes/libs/rdbms/database/Database.php(1169): Wikimedia\Rdbms\Database->select()
#3 /var/www/html/wiki/includes/cache/localisation/LCStoreDB.php(52): Wikimedia\Rdbms\Database->selectField()
#4 /var/www/html/wiki/includes/cache/localisation/LocalisationCache.php(411): LCStoreDB->get()
#5 /var/www/html/wiki/includes/cache/localisation/LocalisationCache.php(457): LocalisationCache->isExpired()
#6 /var/www/html/wiki/includes/cache/localisation/LocalisationCache.php(376): LocalisationCache->initLanguage()
#7 /var/www/html/wiki/includes/cache/localisation/LocalisationCache.php(291): LocalisationCache->loadSubitem()
#8 /var/www/html/wiki/languages/Language.php(2587): LocalisationCache->getSubitem()
#9 /var/www/html/wiki/includes/cache/MessageCache.php(933): Language->getMessage()
#10 /var/www/html/wiki/includes/cache/MessageCache.php(888): MessageCache->getMessageForLang()
#11 /var/www/html/wiki/includes/cache/MessageCache.php(828): MessageCache->getMessageFromFallbackChain()
#12 /var/www/html/wiki/includes/Message.php(1275): MessageCache->get()
#13 /var/www/html/wiki/includes/Message.php(842): Message->fetchMessage()
#14 /var/www/html/wiki/includes/Message.php(934): Message->toString()
#15 /var/www/html/wiki/includes/title/MalformedTitleException.php(49): Message->text()
#16 /var/www/html/wiki/includes/title/MediaWikiTitleCodec.php(311): MalformedTitleException->__construct()
#17 /var/www/html/wiki/includes/Title.php(3526): MediaWikiTitleCodec->splitTitleString()
#18 /var/www/html/wiki/includes/Title.php(361): Title->secureAndSplit()
#19 /var/www/html/wiki/includes/MediaWiki.php(84): Title::newFromURL()
#20 /var/www/html/wiki/includes/MediaWiki.php(140): MediaWiki->parseTitle()
#21 /var/www/html/wiki/includes/MediaWiki.php(767): MediaWiki->getTitle()
#22 /var/www/html/wiki/includes/MediaWiki.php(523): MediaWiki->main()
#23 /var/www/html/wiki/index.php(43): MediaWiki->run()
#24 {main}
2020-11-13 20:34:50 09fadf968cb1 wiki-wiki_: [d268e1e764329de068fc687f] /   Wikimedia\Rdbms\DBQueryError from line 1149 of /var/www/html/wiki/includes/libs/rdbms/database/Database.php: A database query error has occurred. Did you forget to run your application's database schema updater after upgrading? 
Query: SELECT  lc_value  FROM `wiki_l10n_cache`    WHERE lc_lang = 'en' AND lc_key = 'messages:title-invalid-empty'  LIMIT 1  
Function: LCStoreDB::get
Error: 1146 Table 'wiki.wiki_l10n_cache' doesn't exist (db)

#0 /var/www/html/wiki/includes/libs/rdbms/database/Database.php(979): Wikimedia\Rdbms\Database->reportQueryError()
#1 /var/www/html/wiki/includes/libs/rdbms/database/Database.php(1343): Wikimedia\Rdbms\Database->query()
#2 /var/www/html/wiki/includes/libs/rdbms/database/Database.php(1169): Wikimedia\Rdbms\Database->select()
#3 /var/www/html/wiki/includes/cache/localisation/LCStoreDB.php(52): Wikimedia\Rdbms\Database->selectField()
#4 /var/www/html/wiki/includes/cache/localisation/LocalisationCache.php(392): LCStoreDB->get()
#5 /var/www/html/wiki/includes/cache/localisation/LocalisationCache.php(291): LocalisationCache->loadSubitem()
#6 /var/www/html/wiki/languages/Language.php(2587): LocalisationCache->getSubitem()
#7 /var/www/html/wiki/includes/cache/MessageCache.php(933): Language->getMessage()
#8 /var/www/html/wiki/includes/cache/MessageCache.php(888): MessageCache->getMessageForLang()
#9 /var/www/html/wiki/includes/cache/MessageCache.php(828): MessageCache->getMessageFromFallbackChain()
#10 /var/www/html/wiki/includes/Message.php(1275): MessageCache->get()
#11 /var/www/html/wiki/includes/Message.php(842): Message->fetchMessage()
#12 /var/www/html/wiki/includes/Message.php(934): Message->toString()
#13 /var/www/html/wiki/includes/title/MalformedTitleException.php(49): Message->text()
#14 /var/www/html/wiki/includes/title/MediaWikiTitleCodec.php(311): MalformedTitleException->__construct()
#15 /var/www/html/wiki/includes/Title.php(3526): MediaWikiTitleCodec->splitTitleString()
#16 /var/www/html/wiki/includes/Title.php(361): Title->secureAndSplit()
#17 /var/www/html/wiki/includes/MediaWiki.php(84): Title::newFromURL()
#18 /var/www/html/wiki/includes/MediaWiki.php(140): MediaWiki->parseTitle()
#19 /var/www/html/wiki/includes/MediaWiki.php(920): MediaWiki->getTitle()
#20 /var/www/html/wiki/includes/MediaWiki.php(900): MediaWiki->triggerJobs()
#21 /var/www/html/wiki/includes/MediaWiki.php(719): MediaWiki->restInPeace()
#22 /var/www/html/wiki/includes/MediaWiki.php(740): MediaWiki->{closure}()
#23 /var/www/html/wiki/includes/MediaWiki.php(553): MediaWiki->doPostOutputShutdown()
#24 /var/www/html/wiki/index.php(43): MediaWiki->run()
#25 {main}
2020-11-13 20:34:51 09fadf968cb1 wiki-wiki_: [658ed6a52506627fb8ec2818] /   Wikimedia\Rdbms\DBQueryError from line 1149 of /var/www/html/wiki/includes/libs/rdbms/database/Database.php: A database query error has occurred. Did you forget to run your application's database schema updater after upgrading? 
Query: SELECT  lc_value  FROM `wiki_l10n_cache`    WHERE lc_lang = 'en' AND lc_key = 'deps'  LIMIT 1  
Function: LCStoreDB::get
Error: 1146 Table 'wiki.wiki_l10n_cache' doesn't exist (db)

#0 /var/www/html/wiki/includes/libs/rdbms/database/Database.php(979): Wikimedia\Rdbms\Database->reportQueryError()
#1 /var/www/html/wiki/includes/libs/rdbms/database/Database.php(1343): Wikimedia\Rdbms\Database->query()
#2 /var/www/html/wiki/includes/libs/rdbms/database/Database.php(1169): Wikimedia\Rdbms\Database->select()
#3 /var/www/html/wiki/includes/cache/localisation/LCStoreDB.php(52): Wikimedia\Rdbms\Database->selectField()
#4 /var/www/html/wiki/includes/cache/localisation/LocalisationCache.php(411): LCStoreDB->get()
#5 /var/www/html/wiki/includes/cache/localisation/LocalisationCache.php(457): LocalisationCache->isExpired()
#6 /var/www/html/wiki/includes/cache/localisation/LocalisationCache.php(376): LocalisationCache->initLanguage()
#7 /var/www/html/wiki/includes/cache/localisation/LocalisationCache.php(291): LocalisationCache->loadSubitem()
#8 /var/www/html/wiki/languages/Language.php(2587): LocalisationCache->getSubitem()
#9 /var/www/html/wiki/includes/cache/MessageCache.php(933): Language->getMessage()
#10 /var/www/html/wiki/includes/cache/MessageCache.php(888): MessageCache->getMessageForLang()
#11 /var/www/html/wiki/includes/cache/MessageCache.php(828): MessageCache->getMessageFromFallbackChain()
#12 /var/www/html/wiki/includes/Message.php(1275): MessageCache->get()
#13 /var/www/html/wiki/includes/Message.php(842): Message->fetchMessage()
#14 /var/www/html/wiki/includes/Message.php(934): Message->toString()
#15 /var/www/html/wiki/includes/title/MalformedTitleException.php(49): Message->text()
#16 /var/www/html/wiki/includes/title/MediaWikiTitleCodec.php(311): MalformedTitleException->__construct()
#17 /var/www/html/wiki/includes/Title.php(3526): MediaWikiTitleCodec->splitTitleString()
#18 /var/www/html/wiki/includes/Title.php(361): Title->secureAndSplit()
#19 /var/www/html/wiki/includes/MediaWiki.php(84): Title::newFromURL()
#20 /var/www/html/wiki/includes/MediaWiki.php(140): MediaWiki->parseTitle()
#21 /var/www/html/wiki/includes/MediaWiki.php(767): MediaWiki->getTitle()
#22 /var/www/html/wiki/includes/MediaWiki.php(523): MediaWiki->main()
#23 /var/www/html/wiki/index.php(43): MediaWiki->run()
#24 {main}
2020-11-13 20:34:51 09fadf968cb1 wiki-wiki_: [658ed6a52506627fb8ec2818] /   Wikimedia\Rdbms\DBQueryError from line 1149 of /var/www/html/wiki/includes/libs/rdbms/database/Database.php: A database query error has occurred. Did you forget to run your application's database schema updater after upgrading? 
Query: SELECT  lc_value  FROM `wiki_l10n_cache`    WHERE lc_lang = 'en' AND lc_key = 'messages:title-invalid-empty'  LIMIT 1  
Function: LCStoreDB::get
Error: 1146 Table 'wiki.wiki_l10n_cache' doesn't exist (db)

#0 /var/www/html/wiki/includes/libs/rdbms/database/Database.php(979): Wikimedia\Rdbms\Database->reportQueryError()
#1 /var/www/html/wiki/includes/libs/rdbms/database/Database.php(1343): Wikimedia\Rdbms\Database->query()
#2 /var/www/html/wiki/includes/libs/rdbms/database/Database.php(1169): Wikimedia\Rdbms\Database->select()
#3 /var/www/html/wiki/includes/cache/localisation/LCStoreDB.php(52): Wikimedia\Rdbms\Database->selectField()
#4 /var/www/html/wiki/includes/cache/localisation/LocalisationCache.php(392): LCStoreDB->get()
#5 /var/www/html/wiki/includes/cache/localisation/LocalisationCache.php(291): LocalisationCache->loadSubitem()
#6 /var/www/html/wiki/languages/Language.php(2587): LocalisationCache->getSubitem()
#7 /var/www/html/wiki/includes/cache/MessageCache.php(933): Language->getMessage()
#8 /var/www/html/wiki/includes/cache/MessageCache.php(888): MessageCache->getMessageForLang()
#9 /var/www/html/wiki/includes/cache/MessageCache.php(828): MessageCache->getMessageFromFallbackChain()
#10 /var/www/html/wiki/includes/Message.php(1275): MessageCache->get()
#11 /var/www/html/wiki/includes/Message.php(842): Message->fetchMessage()
#12 /var/www/html/wiki/includes/Message.php(934): Message->toString()
#13 /var/www/html/wiki/includes/title/MalformedTitleException.php(49): Message->text()
#14 /var/www/html/wiki/includes/title/MediaWikiTitleCodec.php(311): MalformedTitleException->__construct()
#15 /var/www/html/wiki/includes/Title.php(3526): MediaWikiTitleCodec->splitTitleString()
#16 /var/www/html/wiki/includes/Title.php(361): Title->secureAndSplit()
#17 /var/www/html/wiki/includes/MediaWiki.php(84): Title::newFromURL()
#18 /var/www/html/wiki/includes/MediaWiki.php(140): MediaWiki->parseTitle()
#19 /var/www/html/wiki/includes/MediaWiki.php(920): MediaWiki->getTitle()
#20 /var/www/html/wiki/includes/MediaWiki.php(900): MediaWiki->triggerJobs()
#21 /var/www/html/wiki/includes/MediaWiki.php(719): MediaWiki->restInPeace()
#22 /var/www/html/wiki/includes/MediaWiki.php(740): MediaWiki->{closure}()
#23 /var/www/html/wiki/includes/MediaWiki.php(553): MediaWiki->doPostOutputShutdown()
#24 /var/www/html/wiki/index.php(43): MediaWiki->run()
#25 {main}
2020-11-13 20:34:52 09fadf968cb1 wiki-wiki_: [fc7a2732a65f2397a8e1f644] /   Wikimedia\Rdbms\DBQueryError from line 1149 of /var/www/html/wiki/includes/libs/rdbms/database/Database.php: A database query error has occurred. Did you forget to run your application's database schema updater after upgrading? 
Query: SELECT  lc_value  FROM `wiki_l10n_cache`    WHERE lc_lang = 'en' AND lc_key = 'deps'  LIMIT 1  
Function: LCStoreDB::get
Error: 1146 Table 'wiki.wiki_l10n_cache' doesn't exist (db)

#0 /var/www/html/wiki/includes/libs/rdbms/database/Database.php(979): Wikimedia\Rdbms\Database->reportQueryError()
#1 /var/www/html/wiki/includes/libs/rdbms/database/Database.php(1343): Wikimedia\Rdbms\Database->query()
#2 /var/www/html/wiki/includes/libs/rdbms/database/Database.php(1169): Wikimedia\Rdbms\Database->select()
#3 /var/www/html/wiki/includes/cache/localisation/LCStoreDB.php(52): Wikimedia\Rdbms\Database->selectField()
#4 /var/www/html/wiki/includes/cache/localisation/LocalisationCache.php(411): LCStoreDB->get()
#5 /var/www/html/wiki/includes/cache/localisation/LocalisationCache.php(457): LocalisationCache->isExpired()
#6 /var/www/html/wiki/includes/cache/localisation/LocalisationCache.php(376): LocalisationCache->initLanguage()
#7 /var/www/html/wiki/includes/cache/localisation/LocalisationCache.php(291): LocalisationCache->loadSubitem()
#8 /var/www/html/wiki/languages/Language.php(2587): LocalisationCache->getSubitem()
#9 /var/www/html/wiki/includes/cache/MessageCache.php(933): Language->getMessage()
#10 /var/www/html/wiki/includes/cache/MessageCache.php(888): MessageCache->getMessageForLang()
#11 /var/www/html/wiki/includes/cache/MessageCache.php(828): MessageCache->getMessageFromFallbackChain()
#12 /var/www/html/wiki/includes/Message.php(1275): MessageCache->get()
#13 /var/www/html/wiki/includes/Message.php(842): Message->fetchMessage()
#14 /var/www/html/wiki/includes/Message.php(934): Message->toString()
#15 /var/www/html/wiki/includes/title/MalformedTitleException.php(49): Message->text()
#16 /var/www/html/wiki/includes/title/MediaWikiTitleCodec.php(311): MalformedTitleException->__construct()
#17 /var/www/html/wiki/includes/Title.php(3526): MediaWikiTitleCodec->splitTitleString()
#18 /var/www/html/wiki/includes/Title.php(361): Title->secureAndSplit()
#19 /var/www/html/wiki/includes/MediaWiki.php(84): Title::newFromURL()
#20 /var/www/html/wiki/includes/MediaWiki.php(140): MediaWiki->parseTitle()
#21 /var/www/html/wiki/includes/MediaWiki.php(767): MediaWiki->getTitle()
#22 /var/www/html/wiki/includes/MediaWiki.php(523): MediaWiki->main()
#23 /var/www/html/wiki/index.php(43): MediaWiki->run()
#24 {main}
2020-11-13 20:34:52 09fadf968cb1 wiki-wiki_: [fc7a2732a65f2397a8e1f644] /   Wikimedia\Rdbms\DBQueryError from line 1149 of /var/www/html/wiki/includes/libs/rdbms/database/Database.php: A database query error has occurred. Did you forget to run your application's database schema updater after upgrading? 
Query: SELECT  lc_value  FROM `wiki_l10n_cache`    WHERE lc_lang = 'en' AND lc_key = 'messages:title-invalid-empty'  LIMIT 1  
Function: LCStoreDB::get
Error: 1146 Table 'wiki.wiki_l10n_cache' doesn't exist (db)

#0 /var/www/html/wiki/includes/libs/rdbms/database/Database.php(979): Wikimedia\Rdbms\Database->reportQueryError()
#1 /var/www/html/wiki/includes/libs/rdbms/database/Database.php(1343): Wikimedia\Rdbms\Database->query()
#2 /var/www/html/wiki/includes/libs/rdbms/database/Database.php(1169): Wikimedia\Rdbms\Database->select()
#3 /var/www/html/wiki/includes/cache/localisation/LCStoreDB.php(52): Wikimedia\Rdbms\Database->selectField()
#4 /var/www/html/wiki/includes/cache/localisation/LocalisationCache.php(392): LCStoreDB->get()
#5 /var/www/html/wiki/includes/cache/localisation/LocalisationCache.php(291): LocalisationCache->loadSubitem()
#6 /var/www/html/wiki/languages/Language.php(2587): LocalisationCache->getSubitem()
#7 /var/www/html/wiki/includes/cache/MessageCache.php(933): Language->getMessage()
#8 /var/www/html/wiki/includes/cache/MessageCache.php(888): MessageCache->getMessageForLang()
#9 /var/www/html/wiki/includes/cache/MessageCache.php(828): MessageCache->getMessageFromFallbackChain()
#10 /var/www/html/wiki/includes/Message.php(1275): MessageCache->get()
#11 /var/www/html/wiki/includes/Message.php(842): Message->fetchMessage()
#12 /var/www/html/wiki/includes/Message.php(934): Message->toString()
#13 /var/www/html/wiki/includes/title/MalformedTitleException.php(49): Message->text()
#14 /var/www/html/wiki/includes/title/MediaWikiTitleCodec.php(311): MalformedTitleException->__construct()
#15 /var/www/html/wiki/includes/Title.php(3526): MediaWikiTitleCodec->splitTitleString()
#16 /var/www/html/wiki/includes/Title.php(361): Title->secureAndSplit()
#17 /var/www/html/wiki/includes/MediaWiki.php(84): Title::newFromURL()
#18 /var/www/html/wiki/includes/MediaWiki.php(140): MediaWiki->parseTitle()
#19 /var/www/html/wiki/includes/MediaWiki.php(920): MediaWiki->getTitle()
#20 /var/www/html/wiki/includes/MediaWiki.php(900): MediaWiki->triggerJobs()
#21 /var/www/html/wiki/includes/MediaWiki.php(719): MediaWiki->restInPeace()
#22 /var/www/html/wiki/includes/MediaWiki.php(740): MediaWiki->{closure}()
#23 /var/www/html/wiki/includes/MediaWiki.php(553): MediaWiki->doPostOutputShutdown()
#24 /var/www/html/wiki/index.php(43): MediaWiki->run()
#25 {main}
2020-11-13 20:34:52 09fadf968cb1 wiki-wiki_: [571404e4e06069a127cc0100] /   Wikimedia\Rdbms\DBQueryError from line 1149 of /var/www/html/wiki/includes/libs/rdbms/database/Database.php: A database query error has occurred. Did you forget to run your application's database schema updater after upgrading? 
Query: SELECT  lc_value  FROM `wiki_l10n_cache`    WHERE lc_lang = 'en' AND lc_key = 'deps'  LIMIT 1  
Function: LCStoreDB::get
Error: 1146 Table 'wiki.wiki_l10n_cache' doesn't exist (db)

#0 /var/www/html/wiki/includes/libs/rdbms/database/Database.php(979): Wikimedia\Rdbms\Database->reportQueryError()
#1 /var/www/html/wiki/includes/libs/rdbms/database/Database.php(1343): Wikimedia\Rdbms\Database->query()
#2 /var/www/html/wiki/includes/libs/rdbms/database/Database.php(1169): Wikimedia\Rdbms\Database->select()
#3 /var/www/html/wiki/includes/cache/localisation/LCStoreDB.php(52): Wikimedia\Rdbms\Database->selectField()
#4 /var/www/html/wiki/includes/cache/localisation/LocalisationCache.php(411): LCStoreDB->get()
#5 /var/www/html/wiki/includes/cache/localisation/LocalisationCache.php(457): LocalisationCache->isExpired()
#6 /var/www/html/wiki/includes/cache/localisation/LocalisationCache.php(376): LocalisationCache->initLanguage()
#7 /var/www/html/wiki/includes/cache/localisation/LocalisationCache.php(291): LocalisationCache->loadSubitem()
#8 /var/www/html/wiki/languages/Language.php(2587): LocalisationCache->getSubitem()
#9 /var/www/html/wiki/includes/cache/MessageCache.php(933): Language->getMessage()
#10 /var/www/html/wiki/includes/cache/MessageCache.php(888): MessageCache->getMessageForLang()
#11 /var/www/html/wiki/includes/cache/MessageCache.php(828): MessageCache->getMessageFromFallbackChain()
#12 /var/www/html/wiki/includes/Message.php(1275): MessageCache->get()
#13 /var/www/html/wiki/includes/Message.php(842): Message->fetchMessage()
#14 /var/www/html/wiki/includes/Message.php(934): Message->toString()
#15 /var/www/html/wiki/includes/title/MalformedTitleException.php(49): Message->text()
#16 /var/www/html/wiki/includes/title/MediaWikiTitleCodec.php(311): MalformedTitleException->__construct()
#17 /var/www/html/wiki/includes/Title.php(3526): MediaWikiTitleCodec->splitTitleString()
#18 /var/www/html/wiki/includes/Title.php(361): Title->secureAndSplit()
#19 /var/www/html/wiki/includes/MediaWiki.php(84): Title::newFromURL()
#20 /var/www/html/wiki/includes/MediaWiki.php(140): MediaWiki->parseTitle()
#21 /var/www/html/wiki/includes/MediaWiki.php(767): MediaWiki->getTitle()
#22 /var/www/html/wiki/includes/MediaWiki.php(523): MediaWiki->main()
#23 /var/www/html/wiki/index.php(43): MediaWiki->run()
#24 {main}
2020-11-13 20:34:52 09fadf968cb1 wiki-wiki_: [571404e4e06069a127cc0100] /   Wikimedia\Rdbms\DBQueryError from line 1149 of /var/www/html/wiki/includes/libs/rdbms/database/Database.php: A database query error has occurred. Did you forget to run your application's database schema updater after upgrading? 
Query: SELECT  lc_value  FROM `wiki_l10n_cache`    WHERE lc_lang = 'en' AND lc_key = 'messages:title-invalid-empty'  LIMIT 1  
Function: LCStoreDB::get
Error: 1146 Table 'wiki.wiki_l10n_cache' doesn't exist (db)

#0 /var/www/html/wiki/includes/libs/rdbms/database/Database.php(979): Wikimedia\Rdbms\Database->reportQueryError()
#1 /var/www/html/wiki/includes/libs/rdbms/database/Database.php(1343): Wikimedia\Rdbms\Database->query()
#2 /var/www/html/wiki/includes/libs/rdbms/database/Database.php(1169): Wikimedia\Rdbms\Database->select()
#3 /var/www/html/wiki/includes/cache/localisation/LCStoreDB.php(52): Wikimedia\Rdbms\Database->selectField()
#4 /var/www/html/wiki/includes/cache/localisation/LocalisationCache.php(392): LCStoreDB->get()
#5 /var/www/html/wiki/includes/cache/localisation/LocalisationCache.php(291): LocalisationCache->loadSubitem()
#6 /var/www/html/wiki/languages/Language.php(2587): LocalisationCache->getSubitem()
#7 /var/www/html/wiki/includes/cache/MessageCache.php(933): Language->getMessage()
#8 /var/www/html/wiki/includes/cache/MessageCache.php(888): MessageCache->getMessageForLang()
#9 /var/www/html/wiki/includes/cache/MessageCache.php(828): MessageCache->getMessageFromFallbackChain()
#10 /var/www/html/wiki/includes/Message.php(1275): MessageCache->get()
#11 /var/www/html/wiki/includes/Message.php(842): Message->fetchMessage()
#12 /var/www/html/wiki/includes/Message.php(934): Message->toString()
#13 /var/www/html/wiki/includes/title/MalformedTitleException.php(49): Message->text()
#14 /var/www/html/wiki/includes/title/MediaWikiTitleCodec.php(311): MalformedTitleException->__construct()
#15 /var/www/html/wiki/includes/Title.php(3526): MediaWikiTitleCodec->splitTitleString()
#16 /var/www/html/wiki/includes/Title.php(361): Title->secureAndSplit()
#17 /var/www/html/wiki/includes/MediaWiki.php(84): Title::newFromURL()
#18 /var/www/html/wiki/includes/MediaWiki.php(140): MediaWiki->parseTitle()
#19 /var/www/html/wiki/includes/MediaWiki.php(920): MediaWiki->getTitle()
#20 /var/www/html/wiki/includes/MediaWiki.php(900): MediaWiki->triggerJobs()
#21 /var/www/html/wiki/includes/MediaWiki.php(719): MediaWiki->restInPeace()
#22 /var/www/html/wiki/includes/MediaWiki.php(740): MediaWiki->{closure}()
#23 /var/www/html/wiki/includes/MediaWiki.php(553): MediaWiki->doPostOutputShutdown()
#24 /var/www/html/wiki/index.php(43): MediaWiki->run()
#25 {main}
2020-11-13 20:35:08 09fadf968cb1 wiki-wiki_: [e1435ed316b6dc1339f0e1e8] /   Wikimedia\Rdbms\DBQueryError from line 1149 of /var/www/html/wiki/includes/libs/rdbms/database/Database.php: A database query error has occurred. Did you forget to run your application's database schema updater after upgrading? 
Query: SELECT  lc_value  FROM `wiki_l10n_cache`    WHERE lc_lang = 'en' AND lc_key = 'deps'  LIMIT 1  
Function: LCStoreDB::get
Error: 1146 Table 'wiki.wiki_l10n_cache' doesn't exist (db)

#0 /var/www/html/wiki/includes/libs/rdbms/database/Database.php(979): Wikimedia\Rdbms\Database->reportQueryError()
#1 /var/www/html/wiki/includes/libs/rdbms/database/Database.php(1343): Wikimedia\Rdbms\Database->query()
#2 /var/www/html/wiki/includes/libs/rdbms/database/Database.php(1169): Wikimedia\Rdbms\Database->select()
#3 /var/www/html/wiki/includes/cache/localisation/LCStoreDB.php(52): Wikimedia\Rdbms\Database->selectField()
#4 /var/www/html/wiki/includes/cache/localisation/LocalisationCache.php(411): LCStoreDB->get()
#5 /var/www/html/wiki/includes/cache/localisation/LocalisationCache.php(457): LocalisationCache->isExpired()
#6 /var/www/html/wiki/includes/cache/localisation/LocalisationCache.php(376): LocalisationCache->initLanguage()
#7 /var/www/html/wiki/includes/cache/localisation/LocalisationCache.php(291): LocalisationCache->loadSubitem()
#8 /var/www/html/wiki/languages/Language.php(2587): LocalisationCache->getSubitem()
#9 /var/www/html/wiki/includes/cache/MessageCache.php(933): Language->getMessage()
#10 /var/www/html/wiki/includes/cache/MessageCache.php(888): MessageCache->getMessageForLang()
#11 /var/www/html/wiki/includes/cache/MessageCache.php(828): MessageCache->getMessageFromFallbackChain()
#12 /var/www/html/wiki/includes/Message.php(1275): MessageCache->get()
#13 /var/www/html/wiki/includes/Message.php(842): Message->fetchMessage()
#14 /var/www/html/wiki/includes/Message.php(934): Message->toString()
#15 /var/www/html/wiki/includes/title/MalformedTitleException.php(49): Message->text()
#16 /var/www/html/wiki/includes/title/MediaWikiTitleCodec.php(311): MalformedTitleException->__construct()
#17 /var/www/html/wiki/includes/Title.php(3526): MediaWikiTitleCodec->splitTitleString()
#18 /var/www/html/wiki/includes/Title.php(361): Title->secureAndSplit()
#19 /var/www/html/wiki/includes/MediaWiki.php(84): Title::newFromURL()
#20 /var/www/html/wiki/includes/MediaWiki.php(140): MediaWiki->parseTitle()
#21 /var/www/html/wiki/includes/MediaWiki.php(767): MediaWiki->getTitle()
#22 /var/www/html/wiki/includes/MediaWiki.php(523): MediaWiki->main()
#23 /var/www/html/wiki/index.php(43): MediaWiki->run()
#24 {main}
2020-11-13 20:35:08 09fadf968cb1 wiki-wiki_: [e1435ed316b6dc1339f0e1e8] /   Wikimedia\Rdbms\DBQueryError from line 1149 of /var/www/html/wiki/includes/libs/rdbms/database/Database.php: A database query error has occurred. Did you forget to run your application's database schema updater after upgrading? 
Query: SELECT  lc_value  FROM `wiki_l10n_cache`    WHERE lc_lang = 'en' AND lc_key = 'messages:title-invalid-empty'  LIMIT 1  
Function: LCStoreDB::get
Error: 1146 Table 'wiki.wiki_l10n_cache' doesn't exist (db)

#0 /var/www/html/wiki/includes/libs/rdbms/database/Database.php(979): Wikimedia\Rdbms\Database->reportQueryError()
#1 /var/www/html/wiki/includes/libs/rdbms/database/Database.php(1343): Wikimedia\Rdbms\Database->query()
#2 /var/www/html/wiki/includes/libs/rdbms/database/Database.php(1169): Wikimedia\Rdbms\Database->select()
#3 /var/www/html/wiki/includes/cache/localisation/LCStoreDB.php(52): Wikimedia\Rdbms\Database->selectField()
#4 /var/www/html/wiki/includes/cache/localisation/LocalisationCache.php(392): LCStoreDB->get()
#5 /var/www/html/wiki/includes/cache/localisation/LocalisationCache.php(291): LocalisationCache->loadSubitem()
#6 /var/www/html/wiki/languages/Language.php(2587): LocalisationCache->getSubitem()
#7 /var/www/html/wiki/includes/cache/MessageCache.php(933): Language->getMessage()
#8 /var/www/html/wiki/includes/cache/MessageCache.php(888): MessageCache->getMessageForLang()
#9 /var/www/html/wiki/includes/cache/MessageCache.php(828): MessageCache->getMessageFromFallbackChain()
#10 /var/www/html/wiki/includes/Message.php(1275): MessageCache->get()
#11 /var/www/html/wiki/includes/Message.php(842): Message->fetchMessage()
#12 /var/www/html/wiki/includes/Message.php(934): Message->toString()
#13 /var/www/html/wiki/includes/title/MalformedTitleException.php(49): Message->text()
#14 /var/www/html/wiki/includes/title/MediaWikiTitleCodec.php(311): MalformedTitleException->__construct()
#15 /var/www/html/wiki/includes/Title.php(3526): MediaWikiTitleCodec->splitTitleString()
#16 /var/www/html/wiki/includes/Title.php(361): Title->secureAndSplit()
#17 /var/www/html/wiki/includes/MediaWiki.php(84): Title::newFromURL()
#18 /var/www/html/wiki/includes/MediaWiki.php(140): MediaWiki->parseTitle()
#19 /var/www/html/wiki/includes/MediaWiki.php(920): MediaWiki->getTitle()
#20 /var/www/html/wiki/includes/MediaWiki.php(900): MediaWiki->triggerJobs()
#21 /var/www/html/wiki/includes/MediaWiki.php(719): MediaWiki->restInPeace()
#22 /var/www/html/wiki/includes/MediaWiki.php(740): MediaWiki->{closure}()
#23 /var/www/html/wiki/includes/MediaWiki.php(553): MediaWiki->doPostOutputShutdown()
#24 /var/www/html/wiki/index.php(43): MediaWiki->run()
#25 {main}
2020-11-13 20:43:55 d8823aa92d93 wiki-wiki_: [373ed9a6d77f972eb6d6ed96] /   Wikimedia\Rdbms\DBQueryError from line 1149 of /var/www/html/wiki/includes/libs/rdbms/database/Database.php: A database query error has occurred. Did you forget to run your application's database schema updater after upgrading? 
Query: SELECT  lc_value  FROM `wiki_l10n_cache`    WHERE lc_lang = 'en' AND lc_key = 'deps'  LIMIT 1  
Function: LCStoreDB::get
Error: 1146 Table 'wiki.wiki_l10n_cache' doesn't exist (db)

#0 /var/www/html/wiki/includes/libs/rdbms/database/Database.php(979): Wikimedia\Rdbms\Database->reportQueryError()
#1 /var/www/html/wiki/includes/libs/rdbms/database/Database.php(1343): Wikimedia\Rdbms\Database->query()
#2 /var/www/html/wiki/includes/libs/rdbms/database/Database.php(1169): Wikimedia\Rdbms\Database->select()
#3 /var/www/html/wiki/includes/cache/localisation/LCStoreDB.php(52): Wikimedia\Rdbms\Database->selectField()
#4 /var/www/html/wiki/includes/cache/localisation/LocalisationCache.php(411): LCStoreDB->get()
#5 /var/www/html/wiki/includes/cache/localisation/LocalisationCache.php(457): LocalisationCache->isExpired()
#6 /var/www/html/wiki/includes/cache/localisation/LocalisationCache.php(376): LocalisationCache->initLanguage()
#7 /var/www/html/wiki/includes/cache/localisation/LocalisationCache.php(291): LocalisationCache->loadSubitem()
#8 /var/www/html/wiki/languages/Language.php(2587): LocalisationCache->getSubitem()
#9 /var/www/html/wiki/includes/cache/MessageCache.php(933): Language->getMessage()
#10 /var/www/html/wiki/includes/cache/MessageCache.php(888): MessageCache->getMessageForLang()
#11 /var/www/html/wiki/includes/cache/MessageCache.php(828): MessageCache->getMessageFromFallbackChain()
#12 /var/www/html/wiki/includes/Message.php(1275): MessageCache->get()
#13 /var/www/html/wiki/includes/Message.php(842): Message->fetchMessage()
#14 /var/www/html/wiki/includes/Message.php(934): Message->toString()
#15 /var/www/html/wiki/includes/title/MalformedTitleException.php(49): Message->text()
#16 /var/www/html/wiki/includes/title/MediaWikiTitleCodec.php(311): MalformedTitleException->__construct()
#17 /var/www/html/wiki/includes/Title.php(3526): MediaWikiTitleCodec->splitTitleString()
#18 /var/www/html/wiki/includes/Title.php(361): Title->secureAndSplit()
#19 /var/www/html/wiki/includes/MediaWiki.php(84): Title::newFromURL()
#20 /var/www/html/wiki/includes/MediaWiki.php(140): MediaWiki->parseTitle()
#21 /var/www/html/wiki/includes/MediaWiki.php(767): MediaWiki->getTitle()
#22 /var/www/html/wiki/includes/MediaWiki.php(523): MediaWiki->main()
#23 /var/www/html/wiki/index.php(43): MediaWiki->run()
#24 {main}
2020-11-13 20:43:55 d8823aa92d93 wiki-wiki_: [373ed9a6d77f972eb6d6ed96] /   Wikimedia\Rdbms\DBQueryError from line 1149 of /var/www/html/wiki/includes/libs/rdbms/database/Database.php: A database query error has occurred. Did you forget to run your application's database schema updater after upgrading? 
Query: SELECT  lc_value  FROM `wiki_l10n_cache`    WHERE lc_lang = 'en' AND lc_key = 'messages:title-invalid-empty'  LIMIT 1  
Function: LCStoreDB::get
Error: 1146 Table 'wiki.wiki_l10n_cache' doesn't exist (db)

#0 /var/www/html/wiki/includes/libs/rdbms/database/Database.php(979): Wikimedia\Rdbms\Database->reportQueryError()
#1 /var/www/html/wiki/includes/libs/rdbms/database/Database.php(1343): Wikimedia\Rdbms\Database->query()
#2 /var/www/html/wiki/includes/libs/rdbms/database/Database.php(1169): Wikimedia\Rdbms\Database->select()
#3 /var/www/html/wiki/includes/cache/localisation/LCStoreDB.php(52): Wikimedia\Rdbms\Database->selectField()
#4 /var/www/html/wiki/includes/cache/localisation/LocalisationCache.php(392): LCStoreDB->get()
#5 /var/www/html/wiki/includes/cache/localisation/LocalisationCache.php(291): LocalisationCache->loadSubitem()
#6 /var/www/html/wiki/languages/Language.php(2587): LocalisationCache->getSubitem()
#7 /var/www/html/wiki/includes/cache/MessageCache.php(933): Language->getMessage()
#8 /var/www/html/wiki/includes/cache/MessageCache.php(888): MessageCache->getMessageForLang()
#9 /var/www/html/wiki/includes/cache/MessageCache.php(828): MessageCache->getMessageFromFallbackChain()
#10 /var/www/html/wiki/includes/Message.php(1275): MessageCache->get()
#11 /var/www/html/wiki/includes/Message.php(842): Message->fetchMessage()
#12 /var/www/html/wiki/includes/Message.php(934): Message->toString()
#13 /var/www/html/wiki/includes/title/MalformedTitleException.php(49): Message->text()
#14 /var/www/html/wiki/includes/title/MediaWikiTitleCodec.php(311): MalformedTitleException->__construct()
#15 /var/www/html/wiki/includes/Title.php(3526): MediaWikiTitleCodec->splitTitleString()
#16 /var/www/html/wiki/includes/Title.php(361): Title->secureAndSplit()
#17 /var/www/html/wiki/includes/MediaWiki.php(84): Title::newFromURL()
#18 /var/www/html/wiki/includes/MediaWiki.php(140): MediaWiki->parseTitle()
#19 /var/www/html/wiki/includes/MediaWiki.php(920): MediaWiki->getTitle()
#20 /var/www/html/wiki/includes/MediaWiki.php(900): MediaWiki->triggerJobs()
#21 /var/www/html/wiki/includes/MediaWiki.php(719): MediaWiki->restInPeace()
#22 /var/www/html/wiki/includes/MediaWiki.php(740): MediaWiki->{closure}()
#23 /var/www/html/wiki/includes/MediaWiki.php(553): MediaWiki->doPostOutputShutdown()
#24 /var/www/html/wiki/index.php(43): MediaWiki->run()
#25 {main}
2020-11-13 20:43:56 d8823aa92d93 wiki-wiki_: [d5a3432b2fcabbef13dedb48] /   Wikimedia\Rdbms\DBQueryError from line 1149 of /var/www/html/wiki/includes/libs/rdbms/database/Database.php: A database query error has occurred. Did you forget to run your application's database schema updater after upgrading? 
Query: SELECT  lc_value  FROM `wiki_l10n_cache`    WHERE lc_lang = 'en' AND lc_key = 'deps'  LIMIT 1  
Function: LCStoreDB::get
Error: 1146 Table 'wiki.wiki_l10n_cache' doesn't exist (db)

#0 /var/www/html/wiki/includes/libs/rdbms/database/Database.php(979): Wikimedia\Rdbms\Database->reportQueryError()
#1 /var/www/html/wiki/includes/libs/rdbms/database/Database.php(1343): Wikimedia\Rdbms\Database->query()
#2 /var/www/html/wiki/includes/libs/rdbms/database/Database.php(1169): Wikimedia\Rdbms\Database->select()
#3 /var/www/html/wiki/includes/cache/localisation/LCStoreDB.php(52): Wikimedia\Rdbms\Database->selectField()
#4 /var/www/html/wiki/includes/cache/localisation/LocalisationCache.php(411): LCStoreDB->get()
#5 /var/www/html/wiki/includes/cache/localisation/LocalisationCache.php(457): LocalisationCache->isExpired()
#6 /var/www/html/wiki/includes/cache/localisation/LocalisationCache.php(376): LocalisationCache->initLanguage()
#7 /var/www/html/wiki/includes/cache/localisation/LocalisationCache.php(291): LocalisationCache->loadSubitem()
#8 /var/www/html/wiki/languages/Language.php(2587): LocalisationCache->getSubitem()
#9 /var/www/html/wiki/includes/cache/MessageCache.php(933): Language->getMessage()
#10 /var/www/html/wiki/includes/cache/MessageCache.php(888): MessageCache->getMessageForLang()
#11 /var/www/html/wiki/includes/cache/MessageCache.php(828): MessageCache->getMessageFromFallbackChain()
#12 /var/www/html/wiki/includes/Message.php(1275): MessageCache->get()
#13 /var/www/html/wiki/includes/Message.php(842): Message->fetchMessage()
#14 /var/www/html/wiki/includes/Message.php(934): Message->toString()
#15 /var/www/html/wiki/includes/title/MalformedTitleException.php(49): Message->text()
#16 /var/www/html/wiki/includes/title/MediaWikiTitleCodec.php(311): MalformedTitleException->__construct()
#17 /var/www/html/wiki/includes/Title.php(3526): MediaWikiTitleCodec->splitTitleString()
#18 /var/www/html/wiki/includes/Title.php(361): Title->secureAndSplit()
#19 /var/www/html/wiki/includes/MediaWiki.php(84): Title::newFromURL()
#20 /var/www/html/wiki/includes/MediaWiki.php(140): MediaWiki->parseTitle()
#21 /var/www/html/wiki/includes/MediaWiki.php(767): MediaWiki->getTitle()
#22 /var/www/html/wiki/includes/MediaWiki.php(523): MediaWiki->main()
#23 /var/www/html/wiki/index.php(43): MediaWiki->run()
#24 {main}
2020-11-13 20:43:56 d8823aa92d93 wiki-wiki_: [d5a3432b2fcabbef13dedb48] /   Wikimedia\Rdbms\DBQueryError from line 1149 of /var/www/html/wiki/includes/libs/rdbms/database/Database.php: A database query error has occurred. Did you forget to run your application's database schema updater after upgrading? 
Query: SELECT  lc_value  FROM `wiki_l10n_cache`    WHERE lc_lang = 'en' AND lc_key = 'messages:title-invalid-empty'  LIMIT 1  
Function: LCStoreDB::get
Error: 1146 Table 'wiki.wiki_l10n_cache' doesn't exist (db)

#0 /var/www/html/wiki/includes/libs/rdbms/database/Database.php(979): Wikimedia\Rdbms\Database->reportQueryError()
#1 /var/www/html/wiki/includes/libs/rdbms/database/Database.php(1343): Wikimedia\Rdbms\Database->query()
#2 /var/www/html/wiki/includes/libs/rdbms/database/Database.php(1169): Wikimedia\Rdbms\Database->select()
#3 /var/www/html/wiki/includes/cache/localisation/LCStoreDB.php(52): Wikimedia\Rdbms\Database->selectField()
#4 /var/www/html/wiki/includes/cache/localisation/LocalisationCache.php(392): LCStoreDB->get()
#5 /var/www/html/wiki/includes/cache/localisation/LocalisationCache.php(291): LocalisationCache->loadSubitem()
#6 /var/www/html/wiki/languages/Language.php(2587): LocalisationCache->getSubitem()
#7 /var/www/html/wiki/includes/cache/MessageCache.php(933): Language->getMessage()
#8 /var/www/html/wiki/includes/cache/MessageCache.php(888): MessageCache->getMessageForLang()
#9 /var/www/html/wiki/includes/cache/MessageCache.php(828): MessageCache->getMessageFromFallbackChain()
#10 /var/www/html/wiki/includes/Message.php(1275): MessageCache->get()
#11 /var/www/html/wiki/includes/Message.php(842): Message->fetchMessage()
#12 /var/www/html/wiki/includes/Message.php(934): Message->toString()
#13 /var/www/html/wiki/includes/title/MalformedTitleException.php(49): Message->text()
#14 /var/www/html/wiki/includes/title/MediaWikiTitleCodec.php(311): MalformedTitleException->__construct()
#15 /var/www/html/wiki/includes/Title.php(3526): MediaWikiTitleCodec->splitTitleString()
#16 /var/www/html/wiki/includes/Title.php(361): Title->secureAndSplit()
#17 /var/www/html/wiki/includes/MediaWiki.php(84): Title::newFromURL()
#18 /var/www/html/wiki/includes/MediaWiki.php(140): MediaWiki->parseTitle()
#19 /var/www/html/wiki/includes/MediaWiki.php(920): MediaWiki->getTitle()
#20 /var/www/html/wiki/includes/MediaWiki.php(900): MediaWiki->triggerJobs()
#21 /var/www/html/wiki/includes/MediaWiki.php(719): MediaWiki->restInPeace()
#22 /var/www/html/wiki/includes/MediaWiki.php(740): MediaWiki->{closure}()
#23 /var/www/html/wiki/includes/MediaWiki.php(553): MediaWiki->doPostOutputShutdown()
#24 /var/www/html/wiki/index.php(43): MediaWiki->run()
#25 {main}
